TimeShow/app/build/outputs/logs/manifest-merger-debug-report.txt
-- Merging decision tree log ---
manifest
ADDED from src/main/AndroidManifest.xml:2:1-84:12
INJECTED from src/main/AndroidManifest.xml:2:1-84:12
INJECTED from src/main/AndroidManifest.xml:2:1-84:12
INJECTED from src/main/AndroidManifest.xml:2:1-84:12
MERGED from [com.jakewharton:butterknife:8.8.1] AndroidManifest.xml:2:1-7:12
MERGED from [pub.devrel:easypermissions:0.4.0] AndroidManifest.xml:2:1-19:12
MERGED from [liji.library.dev:citypickerview:3.1.5] AndroidManifest.xml:2:1-26:12
MERGED from [com.youth.banner:banner:1.4.10] AndroidManifest.xml:2:1-11:12
MERGED from [com.android.support:design:25.4.0] AndroidManifest.xml:17:1-31:12
MERGED from [com.afollestad.material-dialogs:core:0.9.4.3] AndroidManifest.xml:2:1-15:12
MERGED from [me.zhanghai.android.materialprogressbar:library:1.4.0] AndroidManifest.xml:6:1-16:12
MERGED from [com.android.support:appcompat-v7:25.4.0] AndroidManifest.xml:17:1-31:12
MERGED from [com.android.support.constraint:constraint-layout:1.0.2] AndroidManifest.xml:2:1-11:12
MERGED from [com.android.support:animated-vector-drawable:25.4.0] AndroidManifest.xml:17:1-28:12
MERGED from [com.android.support:support-vector-drawable:25.4.0] AndroidManifest.xml:17:1-28:12
MERGED from [com.android.support:transition:25.4.0] AndroidManifest.xml:17:1-28:12
MERGED from [com.android.support:support-v13:25.3.1] AndroidManifest.xml:17:1-31:12
MERGED from [com.android.support:support-v4:25.4.0] AndroidManifest.xml:17:1-31:12
MERGED from [cn.bingoogolapple:bga-qrcode-zxing:1.2.1] AndroidManifest.xml:2:1-10:12
MERGED from [com.android.support:recyclerview-v7:25.4.0] AndroidManifest.xml:17:1-28:12
MERGED from [com.android.support:support-fragment:25.4.0] AndroidManifest.xml:17:1-31:12
MERGED from [com.android.support:support-core-ui:25.4.0] AndroidManifest.xml:17:1-31:12
MERGED from [com.android.support:support-media-compat:25.4.0] AndroidManifest.xml:17:1-31:12
MERGED from [com.android.support:support-core-utils:25.4.0] AndroidManifest.xml:17:1-31:12
MERGED from [com.android.support:support-compat:25.4.0] AndroidManifest.xml:17:1-31:12
MERGED from [cn.bingoogolapple:bga-qrcode-core:1.2.1] AndroidManifest.xml:2:1-19:12
INJECTED from src/main/AndroidManifest.xml:2:1-84:12
INJECTED from src/main/AndroidManifest.xml:2:1-84:12
INJECTED from src/main/AndroidManifest.xml:2:1-84:12
	package
		ADDED from src/main/AndroidManifest.xml:3:5-31
		INJECTED from src/main/AndroidManifest.xml
		INJECTED from src/main/AndroidManifest.xml
	android:versionName
		INJECTED from src/main/AndroidManifest.xml
		INJECTED from src/main/AndroidManifest.xml
	android:versionCode
		INJECTED from src/main/AndroidManifest.xml
		INJECTED from src/main/AndroidManifest.xml
	xmlns:android
		ADDED from src/main/AndroidManifest.xml:2:11-69
uses-permission#android.permission.GET_ACCOUNTS
ADDED from src/main/AndroidManifest.xml:6:5-71
	android:name
		ADDED from src/main/AndroidManifest.xml:6:22-68
uses-permission#android.permission.READ_PROFILE
ADDED from src/main/AndroidManifest.xml:7:5-71
	android:name
		ADDED from src/main/AndroidManifest.xml:7:22-68
uses-permission#android.permission.READ_CONTACTS
ADDED from src/main/AndroidManifest.xml:8:5-72
	android:name
		ADDED from src/main/AndroidManifest.xml:8:22-69
uses-permission#android.permission.INTERNET
ADDED from src/main/AndroidManifest.xml:9:5-67
	android:name
		ADDED from src/main/AndroidManifest.xml:9:22-64
uses-permission#android.permission.VIBRATE
ADDED from src/main/AndroidManifest.xml:10:5-66
	android:name
		ADDED from src/main/AndroidManifest.xml:10:22-63
uses-permission#android.permission.READ_EXTERNAL_STORAGE
ADDED from src/main/AndroidManifest.xml:11:5-80
	android:name
		ADDED from src/main/AndroidManifest.xml:11:22-77
uses-permission#android.permission.WRITE_EXTERNAL_STORAGE
ADDED from src/main/AndroidManifest.xml:12:5-80
	android:name
		ADDED from src/main/AndroidManifest.xml:12:22-78
application
ADDED from src/main/AndroidManifest.xml:13:5-82:19
MERGED from [pub.devrel:easypermissions:0.4.0] AndroidManifest.xml:11:5-17:19
MERGED from [pub.devrel:easypermissions:0.4.0] AndroidManifest.xml:11:5-17:19
MERGED from [liji.library.dev:citypickerview:3.1.5] AndroidManifest.xml:11:5-24:19
MERGED from [liji.library.dev:citypickerview:3.1.5] AndroidManifest.xml:11:5-24:19
MERGED from [com.android.support:design:25.4.0] AndroidManifest.xml:25:5-29:19
MERGED from [com.android.support:design:25.4.0] AndroidManifest.xml:25:5-29:19
MERGED from [com.afollestad.material-dialogs:core:0.9.4.3] AndroidManifest.xml:13:5-20
MERGED from [com.afollestad.material-dialogs:core:0.9.4.3] AndroidManifest.xml:13:5-20
MERGED from [com.android.support:appcompat-v7:25.4.0] AndroidManifest.xml:25:5-29:19
MERGED from [com.android.support:appcompat-v7:25.4.0] AndroidManifest.xml:25:5-29:19
MERGED from [com.android.support.constraint:constraint-layout:1.0.2] AndroidManifest.xml:9:5-20
MERGED from [com.android.support.constraint:constraint-layout:1.0.2] AndroidManifest.xml:9:5-20
MERGED from [com.android.support:animated-vector-drawable:25.4.0] AndroidManifest.xml:22:5-26:19
MERGED from [com.android.support:animated-vector-drawable:25.4.0] AndroidManifest.xml:22:5-26:19
MERGED from [com.android.support:support-vector-drawable:25.4.0] AndroidManifest.xml:22:5-26:19
MERGED from [com.android.support:support-vector-drawable:25.4.0] AndroidManifest.xml:22:5-26:19
MERGED from [com.android.support:transition:25.4.0] AndroidManifest.xml:22:5-26:19
MERGED from [com.android.support:transition:25.4.0] AndroidManifest.xml:22:5-26:19
MERGED from [com.android.support:support-v13:25.3.1] AndroidManifest.xml:29:5-20
MERGED from [com.android.support:support-v13:25.3.1] AndroidManifest.xml:29:5-20
MERGED from [com.android.support:support-v4:25.4.0] AndroidManifest.xml:25:5-29:19
MERGED from [com.android.support:support-v4:25.4.0] AndroidManifest.xml:25:5-29:19
MERGED from [com.android.support:recyclerview-v7:25.4.0] AndroidManifest.xml:22:5-26:19
MERGED from [com.android.support:recyclerview-v7:25.4.0] AndroidManifest.xml:22:5-26:19
MERGED from [com.android.support:support-fragment:25.4.0] AndroidManifest.xml:25:5-29:19
MERGED from [com.android.support:support-fragment:25.4.0] AndroidManifest.xml:25:5-29:19
MERGED from [com.android.support:support-core-ui:25.4.0] AndroidManifest.xml:25:5-29:19
MERGED from [com.android.support:support-core-ui:25.4.0] AndroidManifest.xml:25:5-29:19
MERGED from [com.android.support:support-media-compat:25.4.0] AndroidManifest.xml:25:5-29:19
MERGED from [com.android.support:support-media-compat:25.4.0] AndroidManifest.xml:25:5-29:19
MERGED from [com.android.support:support-core-utils:25.4.0] AndroidManifest.xml:25:5-29:19
MERGED from [com.android.support:support-core-utils:25.4.0] AndroidManifest.xml:25:5-29:19
MERGED from [com.android.support:support-compat:25.4.0] AndroidManifest.xml:25:5-29:19
MERGED from [com.android.support:support-compat:25.4.0] AndroidManifest.xml:25:5-29:19
	android:supportsRtl
		ADDED from src/main/AndroidManifest.xml:18:9-35
	android:label
		ADDED from src/main/AndroidManifest.xml:16:9-41
	android:roundIcon
		ADDED from src/main/AndroidManifest.xml:17:9-54
	android:icon
		ADDED from src/main/AndroidManifest.xml:15:9-43
	android:allowBackup
		ADDED from src/main/AndroidManifest.xml:14:9-35
	android:theme
		ADDED from src/main/AndroidManifest.xml:19:9-40
activity#com.timeshow.app.activity.SplashActivity
ADDED from src/main/AndroidManifest.xml:20:9-30:20
	android:label
		ADDED from src/main/AndroidManifest.xml:22:13-45
	android:windowSoftInputMode
		ADDED from src/main/AndroidManifest.xml:24:13-67
	android:theme
		ADDED from src/main/AndroidManifest.xml:23:13-44
	android:name
		ADDED from src/main/AndroidManifest.xml:21:13-52
intent-filter#android.intent.action.MAIN+android.intent.category.LAUNCHER
ADDED from src/main/AndroidManifest.xml:25:13-29:29
action#android.intent.action.MAIN
ADDED from src/main/AndroidManifest.xml:26:17-69
	android:name
		ADDED from src/main/AndroidManifest.xml:26:25-66
category#android.intent.category.LAUNCHER
ADDED from src/main/AndroidManifest.xml:28:17-77
	android:name
		ADDED from src/main/AndroidManifest.xml:28:27-74
activity#com.timeshow.app.activity.LoginActivity
ADDED from src/main/AndroidManifest.xml:31:9-35:46
	android:label
		ADDED from src/main/AndroidManifest.xml:33:13-56
	android:launchMode
		ADDED from src/main/AndroidManifest.xml:34:13-44
	android:theme
		ADDED from src/main/AndroidManifest.xml:35:13-44
	android:name
		ADDED from src/main/AndroidManifest.xml:32:13-51
activity#com.timeshow.app.activity.RegisterActivity
ADDED from src/main/AndroidManifest.xml:36:9-40:46
	android:label
		ADDED from src/main/AndroidManifest.xml:38:13-56
	android:launchMode
		ADDED from src/main/AndroidManifest.xml:39:13-44
	android:theme
		ADDED from src/main/AndroidManifest.xml:40:13-44
	android:name
		ADDED from src/main/AndroidManifest.xml:37:13-54
activity#com.timeshow.app.activity.AboutActivity
ADDED from src/main/AndroidManifest.xml:41:9-45:46
	android:label
		ADDED from src/main/AndroidManifest.xml:43:13-56
	android:launchMode
		ADDED from src/main/AndroidManifest.xml:44:13-44
	android:theme
		ADDED from src/main/AndroidManifest.xml:45:13-44
	android:name
		ADDED from src/main/AndroidManifest.xml:42:13-51
activity#com.timeshow.app.activity.TransferActivity
ADDED from src/main/AndroidManifest.xml:46:9-49:46
	android:launchMode
		ADDED from src/main/AndroidManifest.xml:47:13-44
	android:windowSoftInputMode
		ADDED from src/main/AndroidManifest.xml:48:13-67
	android:theme
		ADDED from src/main/AndroidManifest.xml:49:13-44
	android:name
		ADDED from src/main/AndroidManifest.xml:46:19-60
activity#com.timeshow.app.activity.TransactionHistoryActivity
ADDED from src/main/AndroidManifest.xml:50:9-53:46
	android:launchMode
		ADDED from src/main/AndroidManifest.xml:51:13-44
	android:windowSoftInputMode
		ADDED from src/main/AndroidManifest.xml:52:13-67
	android:theme
		ADDED from src/main/AndroidManifest.xml:53:13-44
	android:name
		ADDED from src/main/AndroidManifest.xml:50:19-70
activity#com.timeshow.app.activity.MyFriendActivity
ADDED from src/main/AndroidManifest.xml:54:9-57:46
	android:launchMode
		ADDED from src/main/AndroidManifest.xml:55:13-44
	android:windowSoftInputMode
		ADDED from src/main/AndroidManifest.xml:56:13-67
	android:theme
		ADDED from src/main/AndroidManifest.xml:57:13-44
	android:name
		ADDED from src/main/AndroidManifest.xml:54:19-60
activity#com.timeshow.app.activity.MainActivity
ADDED from src/main/AndroidManifest.xml:58:9-61:46
	android:launchMode
		ADDED from src/main/AndroidManifest.xml:59:13-44
	android:windowSoftInputMode
		ADDED from src/main/AndroidManifest.xml:60:13-67
	android:theme
		ADDED from src/main/AndroidManifest.xml:61:13-44
	android:name
		ADDED from src/main/AndroidManifest.xml:58:19-56
activity#com.timeshow.app.activity.ScanActivity
ADDED from src/main/AndroidManifest.xml:62:9-66:51
	android:screenOrientation
		ADDED from src/main/AndroidManifest.xml:66:13-49
	android:launchMode
		ADDED from src/main/AndroidManifest.xml:63:13-44
	android:windowSoftInputMode
		ADDED from src/main/AndroidManifest.xml:64:13-67
	android:theme
		ADDED from src/main/AndroidManifest.xml:65:13-44
	android:name
		ADDED from src/main/AndroidManifest.xml:62:19-56
activity#com.timeshow.app.activity.AddActiveActivity
ADDED from src/main/AndroidManifest.xml:67:9-71:51
	android:screenOrientation
		ADDED from src/main/AndroidManifest.xml:71:13-49
	android:launchMode
		ADDED from src/main/AndroidManifest.xml:68:13-44
	android:windowSoftInputMode
		ADDED from src/main/AndroidManifest.xml:69:13-67
	android:theme
		ADDED from src/main/AndroidManifest.xml:70:13-44
	android:name
		ADDED from src/main/AndroidManifest.xml:67:19-61
activity#com.timeshow.app.activity.Generatectivity
ADDED from src/main/AndroidManifest.xml:72:9-76:51
	android:screenOrientation
		ADDED from src/main/AndroidManifest.xml:76:13-49
	android:launchMode
		ADDED from src/main/AndroidManifest.xml:73:13-44
	android:windowSoftInputMode
		ADDED from src/main/AndroidManifest.xml:74:13-67
	android:theme
		ADDED from src/main/AndroidManifest.xml:75:13-44
	android:name
		ADDED from src/main/AndroidManifest.xml:72:19-59
activity#com.timeshow.app.activity.EditInformationActivity
ADDED from src/main/AndroidManifest.xml:77:9-81:51
	android:screenOrientation
		ADDED from src/main/AndroidManifest.xml:81:13-49
	android:launchMode
		ADDED from src/main/AndroidManifest.xml:78:13-44
	android:windowSoftInputMode
		ADDED from src/main/AndroidManifest.xml:79:13-67
	android:theme
		ADDED from src/main/AndroidManifest.xml:80:13-44
	android:name
		ADDED from src/main/AndroidManifest.xml:77:19-67
uses-sdk
INJECTED from src/main/AndroidManifest.xml reason: use-sdk injection requested
INJECTED from src/main/AndroidManifest.xml
INJECTED from src/main/AndroidManifest.xml
MERGED from [com.jakewharton:butterknife:8.8.1] AndroidManifest.xml:5:5-43
MERGED from [com.jakewharton:butterknife:8.8.1] AndroidManifest.xml:5:5-43
MERGED from [pub.devrel:easypermissions:0.4.0] AndroidManifest.xml:7:5-9:41
MERGED from [pub.devrel:easypermissions:0.4.0] AndroidManifest.xml:7:5-9:41
MERGED from [liji.library.dev:citypickerview:3.1.5] AndroidManifest.xml:7:5-9:41
MERGED from [liji.library.dev:citypickerview:3.1.5] AndroidManifest.xml:7:5-9:41
MERGED from [com.youth.banner:banner:1.4.10] AndroidManifest.xml:7:5-9:41
MERGED from [com.youth.banner:banner:1.4.10] AndroidManifest.xml:7:5-9:41
MERGED from [com.android.support:design:25.4.0] AndroidManifest.xml:21:5-23:62
MERGED from [com.android.support:design:25.4.0] AndroidManifest.xml:21:5-23:62
MERGED from [com.afollestad.material-dialogs:core:0.9.4.3] AndroidManifest.xml:8:5-11:75
MERGED from [com.afollestad.material-dialogs:core:0.9.4.3] AndroidManifest.xml:8:5-11:75
MERGED from [me.zhanghai.android.materialprogressbar:library:1.4.0] AndroidManifest.xml:12:5-14:41
MERGED from [me.zhanghai.android.materialprogressbar:library:1.4.0] AndroidManifest.xml:12:5-14:41
MERGED from [com.android.support:appcompat-v7:25.4.0] AndroidManifest.xml:21:5-23:78
MERGED from [com.android.support:appcompat-v7:25.4.0] AndroidManifest.xml:21:5-23:78
MERGED from [com.android.support.constraint:constraint-layout:1.0.2] AndroidManifest.xml:5:5-7:41
MERGED from [com.android.support.constraint:constraint-layout:1.0.2] AndroidManifest.xml:5:5-7:41
MERGED from [com.android.support:animated-vector-drawable:25.4.0] AndroidManifest.xml:20:5-44
MERGED from [com.android.support:animated-vector-drawable:25.4.0] AndroidManifest.xml:20:5-44
MERGED from [com.android.support:support-vector-drawable:25.4.0] AndroidManifest.xml:20:5-43
MERGED from [com.android.support:support-vector-drawable:25.4.0] AndroidManifest.xml:20:5-43
MERGED from [com.android.support:transition:25.4.0] AndroidManifest.xml:20:5-44
MERGED from [com.android.support:transition:25.4.0] AndroidManifest.xml:20:5-44
MERGED from [com.android.support:support-v13:25.3.1] AndroidManifest.xml:21:5-23:55
MERGED from [com.android.support:support-v13:25.3.1] AndroidManifest.xml:21:5-23:55
MERGED from [com.android.support:support-v4:25.4.0] AndroidManifest.xml:21:5-23:54
MERGED from [com.android.support:support-v4:25.4.0] AndroidManifest.xml:21:5-23:54
MERGED from [cn.bingoogolapple:bga-qrcode-zxing:1.2.1] AndroidManifest.xml:6:5-8:41
MERGED from [cn.bingoogolapple:bga-qrcode-zxing:1.2.1] AndroidManifest.xml:6:5-8:41
MERGED from [com.android.support:recyclerview-v7:25.4.0] AndroidManifest.xml:20:5-43
MERGED from [com.android.support:recyclerview-v7:25.4.0] AndroidManifest.xml:20:5-43
MERGED from [com.android.support:support-fragment:25.4.0] AndroidManifest.xml:21:5-23:60
MERGED from [com.android.support:support-fragment:25.4.0] AndroidManifest.xml:21:5-23:60
MERGED from [com.android.support:support-core-ui:25.4.0] AndroidManifest.xml:21:5-23:58
MERGED from [com.android.support:support-core-ui:25.4.0] AndroidManifest.xml:21:5-23:58
MERGED from [com.android.support:support-media-compat:25.4.0] AndroidManifest.xml:21:5-23:63
MERGED from [com.android.support:support-media-compat:25.4.0] AndroidManifest.xml:21:5-23:63
MERGED from [com.android.support:support-core-utils:25.4.0] AndroidManifest.xml:21:5-23:61
MERGED from [com.android.support:support-core-utils:25.4.0] AndroidManifest.xml:21:5-23:61
MERGED from [com.android.support:support-compat:25.4.0] AndroidManifest.xml:21:5-23:58
MERGED from [com.android.support:support-compat:25.4.0] AndroidManifest.xml:21:5-23:58
MERGED from [cn.bingoogolapple:bga-qrcode-core:1.2.1] AndroidManifest.xml:5:5-7:41
MERGED from [cn.bingoogolapple:bga-qrcode-core:1.2.1] AndroidManifest.xml:5:5-7:41
INJECTED from src/main/AndroidManifest.xml
INJECTED from src/main/AndroidManifest.xml
	tools:overrideLibrary
		ADDED from [com.android.support:design:25.4.0] AndroidManifest.xml:23:9-59
	android:targetSdkVersion
		INJECTED from src/main/AndroidManifest.xml
		INJECTED from src/main/AndroidManifest.xml
	android:minSdkVersion
		INJECTED from src/main/AndroidManifest.xml
		INJECTED from src/main/AndroidManifest.xml
activity#pub.devrel.easypermissions.AppSettingsDialogHolderActivity
ADDED from [pub.devrel:easypermissions:0.4.0] AndroidManifest.xml:12:9-16:66
	android:label
		ADDED from [pub.devrel:easypermissions:0.4.0] AndroidManifest.xml:15:13-29
	android:exported
		ADDED from [pub.devrel:easypermissions:0.4.0] AndroidManifest.xml:14:13-37
	android:theme
		ADDED from [pub.devrel:easypermissions:0.4.0] AndroidManifest.xml:16:13-63
	android:name
		ADDED from [pub.devrel:easypermissions:0.4.0] AndroidManifest.xml:13:13-86
activity#com.lljjcoder.style.citylist.CityListSelectActivity
ADDED from [liji.library.dev:citypickerview:3.1.5] AndroidManifest.xml:16:9-17:20
	android:name
		ADDED from [liji.library.dev:citypickerview:3.1.5] AndroidManifest.xml:16:19-85
activity#com.lljjcoder.style.citythreelist.ProvinceActivity
ADDED from [liji.library.dev:citypickerview:3.1.5] AndroidManifest.xml:18:9-19:20
	android:name
		ADDED from [liji.library.dev:citypickerview:3.1.5] AndroidManifest.xml:18:19-84
activity#com.lljjcoder.style.citythreelist.CityActivity
ADDED from [liji.library.dev:citypickerview:3.1.5] AndroidManifest.xml:20:9-21:20
	android:name
		ADDED from [liji.library.dev:citypickerview:3.1.5] AndroidManifest.xml:20:19-80
activity#com.lljjcoder.style.citythreelist.AreaActivity
ADDED from [liji.library.dev:citypickerview:3.1.5] AndroidManifest.xml:22:9-23:20
	android:name
		ADDED from [liji.library.dev:citypickerview:3.1.5] AndroidManifest.xml:22:19-80
meta-data#android.support.VERSION
ADDED from [com.android.support:design:25.4.0] AndroidManifest.xml:26:9-28:38
MERGED from [com.android.support:appcompat-v7:25.4.0] AndroidManifest.xml:26:9-28:38
MERGED from [com.android.support:appcompat-v7:25.4.0] AndroidManifest.xml:26:9-28:38
MERGED from [com.android.support:animated-vector-drawable:25.4.0] AndroidManifest.xml:23:9-25:38
MERGED from [com.android.support:animated-vector-drawable:25.4.0] AndroidManifest.xml:23:9-25:38
MERGED from [com.android.support:support-vector-drawable:25.4.0] AndroidManifest.xml:23:9-25:38
MERGED from [com.android.support:support-vector-drawable:25.4.0] AndroidManifest.xml:23:9-25:38
MERGED from [com.android.support:transition:25.4.0] AndroidManifest.xml:23:9-25:38
MERGED from [com.android.support:transition:25.4.0] AndroidManifest.xml:23:9-25:38
MERGED from [com.android.support:support-v4:25.4.0] AndroidManifest.xml:26:9-28:38
MERGED from [com.android.support:support-v4:25.4.0] AndroidManifest.xml:26:9-28:38
MERGED from [com.android.support:recyclerview-v7:25.4.0] AndroidManifest.xml:23:9-25:38
MERGED from [com.android.support:recyclerview-v7:25.4.0] AndroidManifest.xml:23:9-25:38
MERGED from [com.android.support:support-fragment:25.4.0] AndroidManifest.xml:26:9-28:38
MERGED from [com.android.support:support-fragment:25.4.0] AndroidManifest.xml:26:9-28:38
MERGED from [com.android.support:support-core-ui:25.4.0] AndroidManifest.xml:26:9-28:38
MERGED from [com.android.support:support-core-ui:25.4.0] AndroidManifest.xml:26:9-28:38
MERGED from [com.android.support:support-media-compat:25.4.0] AndroidManifest.xml:26:9-28:38
MERGED from [com.android.support:support-media-compat:25.4.0] AndroidManifest.xml:26:9-28:38
MERGED from [com.android.support:support-core-utils:25.4.0] AndroidManifest.xml:26:9-28:38
MERGED from [com.android.support:support-core-utils:25.4.0] AndroidManifest.xml:26:9-28:38
MERGED from [com.android.support:support-compat:25.4.0] AndroidManifest.xml:26:9-28:38
MERGED from [com.android.support:support-compat:25.4.0] AndroidManifest.xml:26:9-28:38
	android:value
		ADDED from [com.android.support:design:25.4.0] AndroidManifest.xml:28:13-35
	android:name
		ADDED from [com.android.support:design:25.4.0] AndroidManifest.xml:27:13-51
uses-permission#android.permission.CAMERA
ADDED from [cn.bingoogolapple:bga-qrcode-core:1.2.1] AndroidManifest.xml:9:5-65
	android:name
		ADDED from [cn.bingoogolapple:bga-qrcode-core:1.2.1] AndroidManifest.xml:9:22-62
uses-permission#android.permission.FLASHLIGHT
ADDED from [cn.bingoogolapple:bga-qrcode-core:1.2.1] AndroidManifest.xml:10:5-69
	android:name
		ADDED from [cn.bingoogolapple:bga-qrcode-core:1.2.1] AndroidManifest.xml:10:22-66
uses-feature#android.hardware.camera.autofocus
ADDED from [cn.bingoogolapple:bga-qrcode-core:1.2.1] AndroidManifest.xml:12:5-14:36
	android:required
		ADDED from [cn.bingoogolapple:bga-qrcode-core:1.2.1] AndroidManifest.xml:14:9-33
	android:name
		ADDED from [cn.bingoogolapple:bga-qrcode-core:1.2.1] AndroidManifest.xml:13:9-57
uses-feature#android.hardware.camera.flash
ADDED from [cn.bingoogolapple:bga-qrcode-core:1.2.1] AndroidManifest.xml:15:5-17:36
	android:required
		ADDED from [cn.bingoogolapple:bga-qrcode-core:1.2.1] AndroidManifest.xml:17:9-33
	android:name
		ADDED from [cn.bingoogolapple:bga-qrcode-core:1.2.1] AndroidManifest.xml:16:9-53